2025-06-09 01:25:00,093 - trinity - INFO - Status - Processed: 1, Failed: 0
2025-06-09 01:30:00,237 - trinity - INFO - Status - Processed: 1, Failed: 0
2025-06-09 01:31:17,456 - trinity - INFO - New file detected: data/inbox\test_memory.txt
2025-06-09 01:31:17,459 - trinity - INFO - Processing file: data/inbox\test_memory.txt
2025-06-09 01:31:19,477 - trinity - INFO - Parsed command: save - tasks - 3 tags
2025-06-09 01:31:19,478 - trinity - INFO - Parsed command - Action: save, Category: tasks
2025-06-09 01:31:20,461 - trinity - INFO - Uploaded file: temp/memory_20250609_013119_4_tasks_I_need_to_remember_to_buy_groc.txt -> /home/trinityai/memory/categories/tasks/memory_20250609_013119_4_tasks_I_need_to_remember_to_buy_groc.txt
2025-06-09 01:31:20,462 - trinity - INFO - Saved to NAS: /home/trinityai/memory/categories/tasks/memory_20250609_013119_4_tasks_I_need_to_remember_to_buy_groc.txt
2025-06-09 01:31:23,972 - trinity - INFO - Uploaded file to Google Drive: memory_20250609_013119_4_tasks_I_need_to_remember_to_buy_groc.txt
2025-06-09 01:31:23,973 - trinity - INFO - Saved to Google Drive: 1rwmoL4smeZx2KoNhOzWQcfPxcEPrXVlG
2025-06-09 01:31:23,983 - trinity - INFO - Memory saved with ID: 65
2025-06-09 01:31:23,983 - trinity - INFO - File archived (processed): data/inbox\test_memory.txt -> data/archive/processed\20250609_013123_test_memory.txt
2025-06-09 01:31:23,984 - trinity - INFO - Successfully processed file: data/inbox\test_memory.txt -> Memory ID: 65
2025-06-09 01:31:35,497 - trinity - INFO - Received shutdown signal
2025-06-09 01:31:41,264 - trinity - INFO - Successfully connected to NAS
2025-06-09 01:31:41,271 - trinity - INFO - Successfully authenticated with Google Drive
2025-06-09 01:31:44,052 - trinity - INFO - Successfully connected to NAS
2025-06-09 01:31:44,055 - trinity - INFO - Successfully authenticated with Google Drive
2025-06-09 01:31:44,057 - trinity - INFO - Watching directory: data/inbox
2025-06-09 01:31:44,058 - trinity - INFO - Watching directory: data/manual_input
2025-06-09 01:31:44,077 - trinity - INFO - Starting Trinity Memory System...
2025-06-09 01:31:44,078 - trinity - INFO - Memory listener started in background
2025-06-09 01:31:44,082 - trinity - INFO - API server started at http://localhost:5000
2025-06-09 01:31:44,090 - trinity - INFO - Trinity Memory System is running!
2025-06-09 01:31:44,090 - trinity - INFO - Watching directories: ['data/inbox', 'data/manual_input']
2025-06-09 01:31:44,090 - trinity - INFO - API available at: http://localhost:5000
2025-06-09 01:31:44,092 - trinity - INFO - Drop files in watch directories to create memories
2025-06-09 01:31:44,092 - trinity - INFO - Press Ctrl+C to stop
2025-06-09 01:31:46,952 - trinity - INFO - Successfully connected to NAS
2025-06-09 01:31:46,955 - trinity - INFO - Successfully authenticated with Google Drive
2025-06-09 01:31:46,956 - trinity - INFO - Watching directory: data/inbox
2025-06-09 01:31:46,956 - trinity - INFO - Watching directory: data/manual_input
2025-06-09 01:31:46,957 - trinity - INFO - Starting Trinity Memory Listener...
2025-06-09 01:31:46,957 - trinity - INFO - Started watching: data/inbox
2025-06-09 01:31:46,957 - trinity - INFO - Started watching: data/manual_input
2025-06-09 01:31:46,958 - trinity - INFO - Memory listener started successfully
2025-06-09 01:31:46,958 - trinity - INFO - Watching 2 directories:
2025-06-09 01:31:46,958 - trinity - INFO -    - D:\My Data\Trinity\data\inbox
2025-06-09 01:31:46,958 - trinity - INFO -    - D:\My Data\Trinity\data\manual_input
2025-06-09 01:31:46,958 - trinity - INFO - Drop text files in watch directories to create memories
2025-06-09 01:31:46,959 - trinity - INFO - Use commands like: 'Save this:', 'Tags:', 'Category:'
2025-06-09 01:31:54,635 - trinity - INFO - New file detected: data/inbox\test_memory.txt
2025-06-09 01:31:54,639 - trinity - INFO - Processing file: data/inbox\test_memory.txt
2025-06-09 01:31:56,645 - trinity - INFO - Parsed command: save - tasks - 3 tags
2025-06-09 01:31:56,646 - trinity - INFO - Parsed command - Action: save, Category: tasks
2025-06-09 01:31:57,588 - trinity - INFO - Uploaded file: temp/memory_20250609_013156_6_tasks_I_need_to_remember_to_buy_groc.txt -> /home/trinityai/memory/categories/tasks/memory_20250609_013156_6_tasks_I_need_to_remember_to_buy_groc.txt
2025-06-09 01:31:57,588 - trinity - INFO - Saved to NAS: /home/trinityai/memory/categories/tasks/memory_20250609_013156_6_tasks_I_need_to_remember_to_buy_groc.txt
2025-06-09 01:32:03,854 - trinity - INFO - Uploaded file to Google Drive: memory_20250609_013156_6_tasks_I_need_to_remember_to_buy_groc.txt
2025-06-09 01:32:03,855 - trinity - INFO - Saved to Google Drive: 16dnC9XKxWwuQCWGZ37zOLVLXJlMJEbpg
2025-06-09 01:32:03,870 - trinity - INFO - Memory saved with ID: 66
2025-06-09 01:32:03,871 - trinity - INFO - File archived (processed): data/inbox\test_memory.txt -> data/archive/processed\20250609_013203_test_memory.txt
2025-06-09 01:32:03,872 - trinity - INFO - Successfully processed file: data/inbox\test_memory.txt -> Memory ID: 66
2025-06-09 01:34:12,451 - trinity - ERROR - Failed to search memories: 1 validation error for MemoryResponse
tags
  Input should be a valid list [type=list_type, input_value='["family", "personal"]', input_type=str]
    For further information visit https://errors.pydantic.dev/2.10/v/list_type
2025-06-09 01:35:00,050 - trinity - INFO - Status - Processed: 1, Failed: 0
2025-06-09 01:36:46,092 - trinity - ERROR - Failed to search memories: 1 validation error for MemoryResponse
tags
  Input should be a valid list [type=list_type, input_value='["family", "personal"]', input_type=str]
    For further information visit https://errors.pydantic.dev/2.10/v/list_type
2025-06-09 01:38:56,225 - trinity - ERROR - Failed to search memories: 1 validation error for MemoryResponse
tags
  Input should be a valid list [type=list_type, input_value='["family", "personal"]', input_type=str]
    For further information visit https://errors.pydantic.dev/2.10/v/list_type
2025-06-09 01:38:59,169 - trinity - ERROR - Failed to search memories: 1 validation error for MemoryResponse
tags
  Input should be a valid list [type=list_type, input_value='["family", "personal"]', input_type=str]
    For further information visit https://errors.pydantic.dev/2.10/v/list_type
2025-06-09 01:40:00,224 - trinity - INFO - Status - Processed: 1, Failed: 0
2025-06-09 01:41:11,443 - trinity - ERROR - Failed to search memories: 1 validation error for MemoryResponse
tags
  Input should be a valid list [type=list_type, input_value='["personal", "shopping", "reminder"]', input_type=str]
    For further information visit https://errors.pydantic.dev/2.10/v/list_type
2025-06-09 01:42:54,070 - trinity - ERROR - Failed to search memories: 1 validation error for MemoryResponse
tags
  Input should be a valid list [type=list_type, input_value='["family", "personal"]', input_type=str]
    For further information visit https://errors.pydantic.dev/2.10/v/list_type
2025-06-09 01:43:08,759 - trinity - INFO - Received shutdown signal
2025-06-09 01:43:14,777 - trinity - INFO - Successfully connected to NAS
2025-06-09 01:43:14,782 - trinity - INFO - Successfully authenticated with Google Drive
2025-06-09 01:43:17,417 - trinity - INFO - Successfully connected to NAS
2025-06-09 01:43:17,421 - trinity - INFO - Successfully authenticated with Google Drive
2025-06-09 01:43:17,424 - trinity - INFO - Watching directory: data/inbox
2025-06-09 01:43:17,424 - trinity - INFO - Watching directory: data/manual_input
2025-06-09 01:43:17,432 - trinity - INFO - Starting Trinity Memory System...
2025-06-09 01:43:17,433 - trinity - INFO - Memory listener started in background
2025-06-09 01:43:17,436 - trinity - INFO - API server started at http://localhost:5000
2025-06-09 01:43:17,442 - trinity - INFO - Trinity Memory System is running!
2025-06-09 01:43:17,442 - trinity - INFO - Watching directories: ['data/inbox', 'data/manual_input']
2025-06-09 01:43:17,442 - trinity - INFO - API available at: http://localhost:5000
2025-06-09 01:43:17,443 - trinity - INFO - Drop files in watch directories to create memories
2025-06-09 01:43:17,443 - trinity - INFO - Press Ctrl+C to stop
2025-06-09 01:43:20,145 - trinity - INFO - Successfully connected to NAS
2025-06-09 01:43:20,147 - trinity - INFO - Successfully authenticated with Google Drive
2025-06-09 01:43:20,148 - trinity - INFO - Watching directory: data/inbox
2025-06-09 01:43:20,149 - trinity - INFO - Watching directory: data/manual_input
2025-06-09 01:43:20,149 - trinity - INFO - Starting Trinity Memory Listener...
2025-06-09 01:43:20,149 - trinity - INFO - Started watching: data/inbox
2025-06-09 01:43:20,149 - trinity - INFO - Started watching: data/manual_input
2025-06-09 01:43:20,150 - trinity - INFO - Memory listener started successfully
2025-06-09 01:43:20,150 - trinity - INFO - Watching 2 directories:
2025-06-09 01:43:20,150 - trinity - INFO -    - D:\My Data\Trinity\data\inbox
2025-06-09 01:43:20,150 - trinity - INFO -    - D:\My Data\Trinity\data\manual_input
2025-06-09 01:43:20,150 - trinity - INFO - Drop text files in watch directories to create memories
2025-06-09 01:43:20,150 - trinity - INFO - Use commands like: 'Save this:', 'Tags:', 'Category:'
2025-06-09 01:45:00,207 - trinity - INFO - Status - Processed: 0, Failed: 0
2025-06-09 01:49:10,054 - trinity - INFO - Successfully connected to NAS
2025-06-09 01:49:10,058 - trinity - INFO - Successfully authenticated with Google Drive
2025-06-09 01:49:12,974 - trinity - INFO - Successfully connected to NAS
2025-06-09 01:49:12,977 - trinity - INFO - Successfully authenticated with Google Drive
2025-06-09 01:49:12,980 - trinity - INFO - Watching directory: data/inbox
2025-06-09 01:49:12,980 - trinity - INFO - Watching directory: data/manual_input
2025-06-09 01:49:28,632 - trinity - INFO - Successfully connected to NAS
2025-06-09 01:49:28,639 - trinity - INFO - Successfully authenticated with Google Drive
2025-06-09 01:49:31,341 - trinity - INFO - Successfully connected to NAS
2025-06-09 01:49:31,343 - trinity - INFO - Successfully authenticated with Google Drive
2025-06-09 01:49:31,345 - trinity - INFO - Watching directory: data/inbox
2025-06-09 01:49:31,345 - trinity - INFO - Watching directory: data/manual_input
2025-06-09 01:49:35,656 - trinity - INFO - Successfully connected to NAS
2025-06-09 01:49:35,660 - trinity - INFO - Successfully authenticated with Google Drive
2025-06-09 01:50:00,391 - trinity - INFO - Status - Processed: 0, Failed: 0
2025-06-09 01:55:00,531 - trinity - INFO - Status - Processed: 0, Failed: 0
2025-06-09 01:55:56,264 - trinity - INFO - Successfully connected to NAS
2025-06-09 01:55:57,722 - trinity - INFO - Successfully authenticated with Google Drive
2025-06-09 01:56:00,681 - trinity - INFO - Successfully connected to NAS
2025-06-09 01:56:00,683 - trinity - INFO - Successfully authenticated with Google Drive
2025-06-09 01:56:00,684 - trinity - INFO - Watching directory: data/inbox
2025-06-09 01:56:00,684 - trinity - INFO - Watching directory: data/manual_input
2025-06-09 02:00:00,700 - trinity - INFO - Status - Processed: 0, Failed: 0
2025-06-09 02:05:00,826 - trinity - INFO - Status - Processed: 0, Failed: 0
2025-06-09 02:10:00,042 - trinity - INFO - Status - Processed: 0, Failed: 0
2025-06-09 02:15:00,184 - trinity - INFO - Status - Processed: 0, Failed: 0
2025-06-09 02:20:00,320 - trinity - INFO - Status - Processed: 0, Failed: 0
2025-06-09 02:25:00,451 - trinity - INFO - Status - Processed: 0, Failed: 0
2025-06-09 02:30:00,674 - trinity - INFO - Status - Processed: 0, Failed: 0
2025-06-09 02:35:00,841 - trinity - INFO - Status - Processed: 0, Failed: 0
2025-06-09 02:40:00,973 - trinity - INFO - Status - Processed: 0, Failed: 0
